<?xml version="1.0" encoding="UTF-8"?>
<testng-results ignored="0" total="1" passed="1" failed="0" skipped="0">
  <reporter-output>
  </reporter-output>
  <suite started-at="2025-03-17T11:15:43 IST" name="Default suite" finished-at="2025-03-17T11:15:44 IST" duration-ms="864">
    <groups>
      <group name="cucumber">
        <method signature="AbstractTestNGCucumberTests.runScenario(io.cucumber.testng.PickleWrapper,io.cucumber.testng.FeatureWrapper)[pri:0, instance:runner.TestNGRunner@304bb45b]" name="runScenario" class="io.cucumber.testng.AbstractTestNGCucumberTests"/>
      </group> <!-- cucumber -->
    </groups>
    <test started-at="2025-03-17T11:15:43 IST" name="Default test" finished-at="2025-03-17T11:15:44 IST" duration-ms="864">
      <class name="runner.TestNGRunner">
        <test-method is-config="true" signature="beforeSetup()[pri:0, instance:runner.TestNGRunner@304bb45b]" started-at="2025-03-17T11:15:43 IST" name="beforeSetup" finished-at="2025-03-17T11:15:43 IST" duration-ms="14" status="PASS">
          <reporter-output>
          </reporter-output>
        </test-method> <!-- beforeSetup -->
        <test-method is-config="true" signature="setUpClass(org.testng.ITestContext)[pri:0, instance:runner.TestNGRunner@304bb45b]" started-at="2025-03-17T11:15:44 IST" name="setUpClass" finished-at="2025-03-17T11:15:44 IST" duration-ms="287" status="PASS">
          <params>
            <param index="0">
              <value>
                <![CDATA[org.testng.TestRunner@41dc0598]]>
              </value>
            </param>
          </params>
          <reporter-output>
          </reporter-output>
        </test-method> <!-- setUpClass -->
        <test-method signature="runScenario(io.cucumber.testng.PickleWrapper,io.cucumber.testng.FeatureWrapper)[pri:0, instance:runner.TestNGRunner@304bb45b]" started-at="2025-03-17T11:15:44 IST" name="runScenario" description="Runs Cucumber Scenarios" data-provider="scenarios" finished-at="2025-03-17T11:15:44 IST" duration-ms="198" status="PASS">
          <params>
            <param index="0">
              <value>
                <![CDATA["Generate a valid ISO message"]]>
              </value>
            </param>
            <param index="1">
              <value>
                <![CDATA["ISO Outard Message Generation"]]>
              </value>
            </param>
          </params>
          <reporter-output>
          </reporter-output>
        </test-method> <!-- runScenario -->
        <test-method is-config="true" signature="tearDownClass()[pri:0, instance:runner.TestNGRunner@304bb45b]" started-at="2025-03-17T11:15:44 IST" name="tearDownClass" finished-at="2025-03-17T11:15:44 IST" duration-ms="317" status="PASS">
          <reporter-output>
          </reporter-output>
        </test-method> <!-- tearDownClass -->
        <test-method is-config="true" signature="tearDown()[pri:0, instance:runner.TestNGRunner@304bb45b]" started-at="2025-03-17T11:15:44 IST" name="tearDown" finished-at="2025-03-17T11:15:46 IST" duration-ms="1452" status="PASS">
          <reporter-output>
          </reporter-output>
        </test-method> <!-- tearDown -->
      </class> <!-- runner.TestNGRunner -->
    </test> <!-- Default test -->
  </suite> <!-- Default suite -->
</testng-results>
